22-08-03 23:38:13:355  INFO restartedMain c.a.s.SpeedyclaimApplication:55 - Starting SpeedyclaimApplication using Java 11.0.8 on EC2AMAZ-8RI616P with PID 5468 (C:\workspace\speedyclaim\target\classes started by Administrator in C:\workspace\speedyclaim)
22-08-03 23:38:13:377 DEBUG restartedMain c.a.s.SpeedyclaimApplication:56 - Running with Spring Boot v2.7.2, Spring v5.3.22
22-08-03 23:38:13:379  INFO restartedMain c.a.s.SpeedyclaimApplication:634 - No active profile set, falling back to 1 default profile: "default"
22-08-03 23:38:13:527  INFO restartedMain o.s.b.d.e.DevToolsPropertyDefaultsPostProcessor:255 - Devtools property defaults active! Set 'spring.devtools.add-properties' to 'false' to disable
22-08-03 23:38:13:731  INFO restartedMain o.s.b.d.e.DevToolsPropertyDefaultsPostProcessor:255 - For additional web related logging consider setting the 'logging.level.web' property to 'DEBUG'
22-08-03 23:38:15:505  INFO restartedMain o.s.d.r.c.RepositoryConfigurationDelegate:132 - Bootstrapping Spring Data JPA repositories in DEFAULT mode.
22-08-03 23:38:15:666  INFO restartedMain o.s.d.r.c.RepositoryConfigurationDelegate:201 - Finished Spring Data repository scanning in 116 ms. Found 1 JPA repository interfaces.
22-08-03 23:38:18:927  INFO restartedMain o.s.b.w.e.t.TomcatWebServer:108 - Tomcat initialized with port(s): 8080 (http)
22-08-03 23:38:18:951  INFO restartedMain o.a.c.h.Http11NioProtocol:173 - Initializing ProtocolHandler ["http-nio-8080"]
22-08-03 23:38:18:955  INFO restartedMain o.a.c.c.StandardService:173 - Starting service [Tomcat]
22-08-03 23:38:18:957  INFO restartedMain o.a.c.c.StandardEngine:173 - Starting Servlet engine: [Apache Tomcat/9.0.65]
22-08-03 23:38:19:273  INFO restartedMain o.a.c.c.C.[.[.[/]:173 - Initializing Spring embedded WebApplicationContext
22-08-03 23:38:19:286  INFO restartedMain o.s.b.w.s.c.ServletWebServerApplicationContext:292 - Root WebApplicationContext: initialization completed in 5553 ms
22-08-03 23:38:20:652  INFO restartedMain c.z.h.HikariDataSource:110 - HikariPool-1 - Starting...
22-08-03 23:38:21:395  INFO restartedMain c.z.h.HikariDataSource:123 - HikariPool-1 - Start completed.
22-08-03 23:38:21:958  WARN restartedMain o.h.c.AnnotationBinder:653 - HHH000139: Illegal use of @Table in a subclass of a SINGLE_TABLE hierarchy: com.allstate.speedyclaim.domain.MotorInsuranceClaim
22-08-03 23:38:22:279  WARN restartedMain o.h.c.AnnotationBinder:653 - HHH000139: Illegal use of @Table in a subclass of a SINGLE_TABLE hierarchy: com.allstate.speedyclaim.domain.PetInsuranceClaim
22-08-03 23:38:22:288  WARN restartedMain o.h.c.AnnotationBinder:653 - HHH000139: Illegal use of @Table in a subclass of a SINGLE_TABLE hierarchy: com.allstate.speedyclaim.domain.PropertyInsuranceClaim
22-08-03 23:38:23:646  INFO restartedMain o.s.o.j.LocalContainerEntityManagerFactoryBean:437 - Initialized JPA EntityManagerFactory for persistence unit 'default'
22-08-03 23:38:24:918  WARN restartedMain o.s.b.a.o.j.JpaBaseConfiguration$JpaWebConfiguration:219 - spring.jpa.open-in-view is enabled by default. Therefore, database queries may be performed during view rendering. Explicitly configure spring.jpa.open-in-view to disable this warning
22-08-03 23:38:26:442  INFO restartedMain o.s.b.d.a.OptionalLiveReloadServer:58 - LiveReload server is running on port 35729
22-08-03 23:38:26:467  INFO restartedMain o.a.c.h.Http11NioProtocol:173 - Starting ProtocolHandler ["http-nio-8080"]
22-08-03 23:38:26:525  INFO restartedMain o.s.b.w.e.t.TomcatWebServer:220 - Tomcat started on port(s): 8080 (http) with context path ''
22-08-03 23:38:26:549  INFO restartedMain c.a.s.SpeedyclaimApplication:61 - Started SpeedyclaimApplication in 15.136 seconds (JVM running for 17.524)
22-08-03 23:38:31:179  INFO SpringApplicationShutdownHook o.s.o.j.LocalContainerEntityManagerFactoryBean:651 - Closing JPA EntityManagerFactory for persistence unit 'default'
22-08-03 23:38:31:195  INFO SpringApplicationShutdownHook c.z.h.HikariDataSource:350 - HikariPool-1 - Shutdown initiated...
22-08-03 23:38:31:234  INFO SpringApplicationShutdownHook c.z.h.HikariDataSource:352 - HikariPool-1 - Shutdown completed.
22-08-03 23:39:28:988  INFO restartedMain c.a.s.SpeedyclaimApplication:55 - Starting SpeedyclaimApplication using Java 11.0.8 on EC2AMAZ-8RI616P with PID 4344 (C:\workspace\speedyclaim\target\classes started by Administrator in C:\workspace\speedyclaim)
22-08-03 23:39:28:993 DEBUG restartedMain c.a.s.SpeedyclaimApplication:56 - Running with Spring Boot v2.7.2, Spring v5.3.22
22-08-03 23:39:28:995  INFO restartedMain c.a.s.SpeedyclaimApplication:634 - No active profile set, falling back to 1 default profile: "default"
22-08-03 23:39:29:288  INFO restartedMain o.s.b.d.e.DevToolsPropertyDefaultsPostProcessor:255 - Devtools property defaults active! Set 'spring.devtools.add-properties' to 'false' to disable
22-08-03 23:39:29:291  INFO restartedMain o.s.b.d.e.DevToolsPropertyDefaultsPostProcessor:255 - For additional web related logging consider setting the 'logging.level.web' property to 'DEBUG'
22-08-03 23:39:31:949  INFO restartedMain o.s.d.r.c.RepositoryConfigurationDelegate:132 - Bootstrapping Spring Data JPA repositories in DEFAULT mode.
22-08-03 23:39:32:453  INFO restartedMain o.s.d.r.c.RepositoryConfigurationDelegate:201 - Finished Spring Data repository scanning in 118 ms. Found 1 JPA repository interfaces.
22-08-03 23:39:35:187  INFO restartedMain o.s.b.w.e.t.TomcatWebServer:108 - Tomcat initialized with port(s): 8080 (http)
22-08-03 23:39:35:211  INFO restartedMain o.a.c.h.Http11NioProtocol:173 - Initializing ProtocolHandler ["http-nio-8080"]
22-08-03 23:39:35:213  INFO restartedMain o.a.c.c.StandardService:173 - Starting service [Tomcat]
22-08-03 23:39:35:213  INFO restartedMain o.a.c.c.StandardEngine:173 - Starting Servlet engine: [Apache Tomcat/9.0.65]
22-08-03 23:39:35:508  INFO restartedMain o.a.c.c.C.[.[.[/]:173 - Initializing Spring embedded WebApplicationContext
22-08-03 23:39:35:524  INFO restartedMain o.s.b.w.s.c.ServletWebServerApplicationContext:292 - Root WebApplicationContext: initialization completed in 6232 ms
22-08-03 23:39:37:641  INFO restartedMain c.z.h.HikariDataSource:110 - HikariPool-1 - Starting...
22-08-03 23:39:38:328  INFO restartedMain c.z.h.HikariDataSource:123 - HikariPool-1 - Start completed.
22-08-03 23:39:38:650  WARN restartedMain o.h.c.AnnotationBinder:653 - HHH000139: Illegal use of @Table in a subclass of a SINGLE_TABLE hierarchy: com.allstate.speedyclaim.domain.MotorInsuranceClaim
22-08-03 23:39:38:659  WARN restartedMain o.h.c.AnnotationBinder:653 - HHH000139: Illegal use of @Table in a subclass of a SINGLE_TABLE hierarchy: com.allstate.speedyclaim.domain.PetInsuranceClaim
22-08-03 23:39:38:664  WARN restartedMain o.h.c.AnnotationBinder:653 - HHH000139: Illegal use of @Table in a subclass of a SINGLE_TABLE hierarchy: com.allstate.speedyclaim.domain.PropertyInsuranceClaim
22-08-03 23:39:40:285  INFO restartedMain o.s.o.j.LocalContainerEntityManagerFactoryBean:437 - Initialized JPA EntityManagerFactory for persistence unit 'default'
22-08-03 23:39:41:355  WARN restartedMain o.s.b.a.o.j.JpaBaseConfiguration$JpaWebConfiguration:219 - spring.jpa.open-in-view is enabled by default. Therefore, database queries may be performed during view rendering. Explicitly configure spring.jpa.open-in-view to disable this warning
22-08-03 23:39:41:994  INFO restartedMain o.s.b.d.a.OptionalLiveReloadServer:58 - LiveReload server is running on port 35729
22-08-03 23:39:42:018  INFO restartedMain o.a.c.h.Http11NioProtocol:173 - Starting ProtocolHandler ["http-nio-8080"]
22-08-03 23:39:42:054  INFO restartedMain o.s.b.w.e.t.TomcatWebServer:220 - Tomcat started on port(s): 8080 (http) with context path ''
22-08-03 23:39:42:073  INFO restartedMain c.a.s.SpeedyclaimApplication:61 - Started SpeedyclaimApplication in 14.844 seconds (JVM running for 16.988)
22-08-03 23:40:01:625  INFO http-nio-8080-exec-1 o.a.c.c.C.[.[.[/]:173 - Initializing Spring DispatcherServlet 'dispatcherServlet'
22-08-03 23:40:01:629  INFO http-nio-8080-exec-1 o.s.w.s.DispatcherServlet:525 - Initializing Servlet 'dispatcherServlet'
22-08-03 23:40:01:634  INFO http-nio-8080-exec-1 o.s.w.s.DispatcherServlet:547 - Completed initialization in 4 ms
22-08-03 23:40:01:881  INFO http-nio-8080-exec-2 c.a.s.s.ClaimService:22 - Entering getAllClaims
22-08-03 23:40:01:958 DEBUG http-nio-8080-exec-2 c.a.s.s.ClaimService:23 - returning [MotorInsuranceClaim{Claim{claimId=1, policyNumber=101, insuranceType=MOTOR, customerName='Ada', startedDate=2022-08-03, amount=391.00, reason='reason', description='desc'}'make='Toyota', model='Argo', year=2004}, PetInsuranceClaim{Claim{claimId=2, policyNumber=102, insuranceType=PET, customerName='Bob', startedDate=2022-06-29, amount=392.00, reason='reason', description='desc'}'type='Cat', breed='Abyssinian'}, PropertyInsuranceClaim{Claim{claimId=3, policyNumber=103, insuranceType=PROPERTY, customerName='Clare', startedDate=2015-08-03, amount=393.00, reason='reason', description='desc'}', address='3 High Street'}, PetInsuranceClaim{Claim{claimId=4, policyNumber=102, insuranceType=PET, customerName='David', startedDate=2020-10-29, amount=394.00, reason='reason', description='desc'}'type='dog', breed='Aidi'}]
22-08-03 23:40:11:460  INFO http-nio-8080-exec-4 c.a.s.c.ClaimServiceController:34 - Entering getClaimByClaimId
22-08-03 23:40:11:461 DEBUG http-nio-8080-exec-4 c.a.s.s.ClaimService:29 - searching claim for 3
22-08-03 23:40:11:534  INFO http-nio-8080-exec-4 c.a.s.s.ClaimService:32 - returning PropertyInsuranceClaim{Claim{claimId=3, policyNumber=103, insuranceType=PROPERTY, customerName='Clare', startedDate=2015-08-03, amount=393.00, reason='reason', description='desc'}', address='3 High Street'}
22-08-03 23:41:01:177  INFO SpringApplicationShutdownHook o.s.o.j.LocalContainerEntityManagerFactoryBean:651 - Closing JPA EntityManagerFactory for persistence unit 'default'
22-08-03 23:41:01:187  INFO SpringApplicationShutdownHook c.z.h.HikariDataSource:350 - HikariPool-1 - Shutdown initiated...
22-08-03 23:41:01:260  INFO SpringApplicationShutdownHook c.z.h.HikariDataSource:352 - HikariPool-1 - Shutdown completed.
